# JRE version: Java(TM) SE Runtime Environment (9.0+11) (build 9.0.4+11)
# Java VM: Java HotSpot(TM) 64-Bit Server VM (9.0.4+11, mixed mode, tiered, compressed oops, g1 gc, windows-amd64)
Heap:
 garbage-first heap   total 248832K, used 131727K [0x0000000700000000, 0x0000000700100798, 0x00000007c0000000)
  region size 1024K, 2 young (2048K), 1 survivors (1024K)
 Metaspace       used 104056K, capacity 111589K, committed 111692K, reserved 1144832K
  class space    used 15180K, capacity 16467K, committed 16512K, reserved 1048576K
GC Heap History (10 events):
Event: 1856.363 GC heap before
{Heap before GC invocations=510 (full 203):
 garbage-first heap   total 248832K, used 133799K [0x0000000700000000, 0x0000000700100798, 0x00000007c0000000)
  region size 1024K, 2 young (2048K), 1 survivors (1024K)
 Metaspace       used 104056K, capacity 111589K, committed 111692K, reserved 1144832K
  class space    used 15180K, capacity 16467K, committed 16512K, reserved 1048576K
}
Event: 1856.666 GC heap after
{Heap after GC invocations=511 (full 204):
 garbage-first heap   total 248832K, used 129635K [0x0000000700000000, 0x0000000700100798, 0x00000007c0000000)
  region size 1024K, 0 young (0K), 0 survivors (0K)
 Metaspace       used 104056K, capacity 111589K, committed 111692K, reserved 1144832K
  class space    used 15180K, capacity 16467K, committed 16512K, reserved 1048576K
}
Event: 1858.391 GC heap before
{Heap before GC invocations=511 (full 204):
 garbage-first heap   total 248832K, used 131683K [0x0000000700000000, 0x0000000700100798, 0x00000007c0000000)
  region size 1024K, 3 young (3072K), 0 survivors (0K)
 Metaspace       used 104056K, capacity 111589K, committed 111692K, reserved 1144832K
  class space    used 15180K, capacity 16467K, committed 16512K, reserved 1048576K
}
Event: 1858.393 GC heap after
{Heap after GC invocations=512 (full 204):
 garbage-first heap   total 248832K, used 129683K [0x0000000700000000, 0x0000000700100798, 0x00000007c0000000)
  region size 1024K, 1 young (1024K), 1 survivors (1024K)
 Metaspace       used 104056K, capacity 111589K, committed 111692K, reserved 1144832K
  class space    used 15180K, capacity 16467K, committed 16512K, reserved 1048576K
}
Event: 1859.416 GC heap before
{Heap before GC invocations=513 (full 204):
 garbage-first heap   total 248832K, used 132755K [0x0000000700000000, 0x0000000700100798, 0x00000007c0000000)
  region size 1024K, 3 young (3072K), 1 survivors (1024K)
 Metaspace       used 104056K, capacity 111589K, committed 111692K, reserved 1144832K
  class space    used 15180K, capacity 16467K, committed 16512K, reserved 1048576K
}
Event: 1859.418 GC heap after
{Heap after GC invocations=514 (full 204):
 garbage-first heap   total 248832K, used 131737K [0x0000000700000000, 0x0000000700100798, 0x00000007c0000000)
  region size 1024K, 1 young (1024K), 1 survivors (1024K)
 Metaspace       used 104056K, capacity 111589K, committed 111692K, reserved 1144832K
  class space    used 15180K, capacity 16467K, committed 16512K, reserved 1048576K
}
Event: 1859.431 GC heap before
{Heap before GC invocations=514 (full 204):
 garbage-first heap   total 248832K, used 133785K [0x0000000700000000, 0x0000000700100798, 0x00000007c0000000)
  region size 1024K, 2 young (2048K), 1 survivors (1024K)
 Metaspace       used 104056K, capacity 111589K, committed 111692K, reserved 1144832K
  class space    used 15180K, capacity 16467K, committed 16512K, reserved 1048576K
}
Event: 1859.726 GC heap after
{Heap after GC invocations=515 (full 205):
 garbage-first heap   total 248832K, used 129634K [0x0000000700000000, 0x0000000700100798, 0x00000007c0000000)
  region size 1024K, 0 young (0K), 0 survivors (0K)
 Metaspace       used 104056K, capacity 111589K, committed 111692K, reserved 1144832K
  class space    used 15180K, capacity 16467K, committed 16512K, reserved 1048576K
}
Event: 1860.436 GC heap before
{Heap before GC invocations=515 (full 205):
 garbage-first heap   total 248832K, used 130658K [0x0000000700000000, 0x0000000700100798, 0x00000007c0000000)
  region size 1024K, 2 young (2048K), 0 survivors (0K)
 Metaspace       used 104056K, capacity 111589K, committed 111692K, reserved 1144832K
  class space    used 15180K, capacity 16467K, committed 16512K, reserved 1048576K
}
Event: 1860.438 GC heap after
{Heap after GC invocations=516 (full 205):
 garbage-first heap   total 248832K, used 129679K [0x0000000700000000, 0x0000000700100798, 0x00000007c0000000)
  region size 1024K, 1 young (1024K), 1 survivors (1024K)
 Metaspace       used 104056K, capacity 111589K, committed 111692K, reserved 1144832K
  class space    used 15180K, capacity 16467K, committed 16512K, reserved 1048576K
}

