# JRE version: Java(TM) SE Runtime Environment (9.0+11) (build 9.0.4+11)
# Java VM: Java HotSpot(TM) 64-Bit Server VM (9.0.4+11, mixed mode, tiered, compressed oops, g1 gc, windows-amd64)
Heap:
 garbage-first heap   total 548864K, used 174224K [0x0000000700000000, 0x00000007001010c0, 0x00000007c0000000)
  region size 1024K, 11 young (11264K), 1 survivors (1024K)
 Metaspace       used 111154K, capacity 114477K, committed 119248K, reserved 1150976K
  class space    used 15958K, capacity 16599K, committed 17660K, reserved 1048576K
GC Heap History (10 events):
Event: 18012.700 GC heap before
{Heap before GC invocations=3206 (full 73):
 garbage-first heap   total 548864K, used 225861K [0x0000000700000000, 0x00000007001010c0, 0x00000007c0000000)
  region size 1024K, 61 young (62464K), 0 survivors (0K)
 Metaspace       used 111132K, capacity 114477K, committed 119248K, reserved 1150976K
  class space    used 15958K, capacity 16599K, committed 17660K, reserved 1048576K
}
Event: 18012.703 GC heap after
{Heap after GC invocations=3207 (full 73):
 garbage-first heap   total 548864K, used 164989K [0x0000000700000000, 0x00000007001010c0, 0x00000007c0000000)
  region size 1024K, 1 young (1024K), 1 survivors (1024K)
 Metaspace       used 111132K, capacity 114477K, committed 119248K, reserved 1150976K
  class space    used 15958K, capacity 16599K, committed 17660K, reserved 1048576K
}
Event: 18030.625 GC heap before
{Heap before GC invocations=3207 (full 73):
 garbage-first heap   total 548864K, used 225405K [0x0000000700000000, 0x00000007001010c0, 0x00000007c0000000)
  region size 1024K, 60 young (61440K), 1 survivors (1024K)
 Metaspace       used 111133K, capacity 114477K, committed 119248K, reserved 1150976K
  class space    used 15958K, capacity 16599K, committed 17660K, reserved 1048576K
}
Event: 18030.629 GC heap after
{Heap after GC invocations=3208 (full 73):
 garbage-first heap   total 548864K, used 164970K [0x0000000700000000, 0x00000007001010c0, 0x00000007c0000000)
  region size 1024K, 1 young (1024K), 1 survivors (1024K)
 Metaspace       used 111133K, capacity 114477K, committed 119248K, reserved 1150976K
  class space    used 15958K, capacity 16599K, committed 17660K, reserved 1048576K
}
Event: 18041.701 GC heap before
{Heap before GC invocations=3208 (full 73):
 garbage-first heap   total 548864K, used 225386K [0x0000000700000000, 0x00000007001010c0, 0x00000007c0000000)
  region size 1024K, 60 young (61440K), 1 survivors (1024K)
 Metaspace       used 111133K, capacity 114477K, committed 119248K, reserved 1150976K
  class space    used 15958K, capacity 16599K, committed 17660K, reserved 1048576K
}
Event: 18041.708 GC heap after
{Heap after GC invocations=3209 (full 73):
 garbage-first heap   total 548864K, used 164821K [0x0000000700000000, 0x00000007001010c0, 0x00000007c0000000)
  region size 1024K, 1 young (1024K), 1 survivors (1024K)
 Metaspace       used 111133K, capacity 114477K, committed 119248K, reserved 1150976K
  class space    used 15958K, capacity 16599K, committed 17660K, reserved 1048576K
}
Event: 18049.856 GC heap before
{Heap before GC invocations=3209 (full 73):
 garbage-first heap   total 548864K, used 225237K [0x0000000700000000, 0x00000007001010c0, 0x00000007c0000000)
  region size 1024K, 60 young (61440K), 1 survivors (1024K)
 Metaspace       used 111151K, capacity 114477K, committed 119248K, reserved 1150976K
  class space    used 15958K, capacity 16599K, committed 17660K, reserved 1048576K
}
Event: 18049.861 GC heap after
{Heap after GC invocations=3210 (full 73):
 garbage-first heap   total 548864K, used 165007K [0x0000000700000000, 0x00000007001010c0, 0x00000007c0000000)
  region size 1024K, 1 young (1024K), 1 survivors (1024K)
 Metaspace       used 111151K, capacity 114477K, committed 119248K, reserved 1150976K
  class space    used 15958K, capacity 16599K, committed 17660K, reserved 1048576K
}
Event: 18050.415 GC heap before
{Heap before GC invocations=3210 (full 73):
 garbage-first heap   total 548864K, used 225423K [0x0000000700000000, 0x00000007001010c0, 0x00000007c0000000)
  region size 1024K, 60 young (61440K), 1 survivors (1024K)
 Metaspace       used 111151K, capacity 114477K, committed 119248K, reserved 1150976K
  class space    used 15958K, capacity 16599K, committed 17660K, reserved 1048576K
}
Event: 18050.419 GC heap after
{Heap after GC invocations=3211 (full 73):
 garbage-first heap   total 548864K, used 165008K [0x0000000700000000, 0x00000007001010c0, 0x00000007c0000000)
  region size 1024K, 1 young (1024K), 1 survivors (1024K)
 Metaspace       used 111151K, capacity 114477K, committed 119248K, reserved 1150976K
  class space    used 15958K, capacity 16599K, committed 17660K, reserved 1048576K
}

