# JRE version: Java(TM) SE Runtime Environment (9.0+11) (build 9.0.4+11)
# Java VM: Java HotSpot(TM) 64-Bit Server VM (9.0.4+11, mixed mode, tiered, compressed oops, g1 gc, windows-amd64)
Heap:
 garbage-first heap   total 335872K, used 198678K [0x0000000700000000, 0x0000000700100a40, 0x00000007c0000000)
  region size 1024K, 55 young (56320K), 1 survivors (1024K)
 Metaspace       used 89040K, capacity 90853K, committed 98124K, reserved 1134592K
  class space    used 11243K, capacity 11653K, committed 13132K, reserved 1048576K
GC Heap History (10 events):
Event: 8062.300 GC heap before
{Heap before GC invocations=1773 (full 408):
 garbage-first heap   total 335872K, used 212534K [0x0000000700000000, 0x0000000700100a40, 0x00000007c0000000)
  region size 1024K, 60 young (61440K), 1 survivors (1024K)
 Metaspace       used 89037K, capacity 90853K, committed 98124K, reserved 1134592K
  class space    used 11243K, capacity 11653K, committed 13132K, reserved 1048576K
}
Event: 8062.304 GC heap after
{Heap after GC invocations=1774 (full 408):
 garbage-first heap   total 335872K, used 148463K [0x0000000700000000, 0x0000000700100a40, 0x00000007c0000000)
  region size 1024K, 1 young (1024K), 1 survivors (1024K)
 Metaspace       used 89037K, capacity 90853K, committed 98124K, reserved 1134592K
  class space    used 11243K, capacity 11653K, committed 13132K, reserved 1048576K
}
Event: 8063.393 GC heap before
{Heap before GC invocations=1774 (full 408):
 garbage-first heap   total 335872K, used 208879K [0x0000000700000000, 0x0000000700100a40, 0x00000007c0000000)
  region size 1024K, 60 young (61440K), 1 survivors (1024K)
 Metaspace       used 89037K, capacity 90853K, committed 98124K, reserved 1134592K
  class space    used 11243K, capacity 11653K, committed 13132K, reserved 1048576K
}
Event: 8063.396 GC heap after
{Heap after GC invocations=1775 (full 408):
 garbage-first heap   total 335872K, used 144327K [0x0000000700000000, 0x0000000700100a40, 0x00000007c0000000)
  region size 1024K, 1 young (1024K), 1 survivors (1024K)
 Metaspace       used 89037K, capacity 90853K, committed 98124K, reserved 1134592K
  class space    used 11243K, capacity 11653K, committed 13132K, reserved 1048576K
}
Event: 8066.274 GC heap before
{Heap before GC invocations=1775 (full 408):
 garbage-first heap   total 335872K, used 204743K [0x0000000700000000, 0x0000000700100a40, 0x00000007c0000000)
  region size 1024K, 60 young (61440K), 1 survivors (1024K)
 Metaspace       used 89037K, capacity 90853K, committed 98124K, reserved 1134592K
  class space    used 11243K, capacity 11653K, committed 13132K, reserved 1048576K
}
Event: 8066.277 GC heap after
{Heap after GC invocations=1776 (full 408):
 garbage-first heap   total 335872K, used 144307K [0x0000000700000000, 0x0000000700100a40, 0x00000007c0000000)
  region size 1024K, 1 young (1024K), 1 survivors (1024K)
 Metaspace       used 89037K, capacity 90853K, committed 98124K, reserved 1134592K
  class space    used 11243K, capacity 11653K, committed 13132K, reserved 1048576K
}
Event: 8069.226 GC heap before
{Heap before GC invocations=1776 (full 408):
 garbage-first heap   total 335872K, used 204723K [0x0000000700000000, 0x0000000700100a40, 0x00000007c0000000)
  region size 1024K, 60 young (61440K), 1 survivors (1024K)
 Metaspace       used 89037K, capacity 90853K, committed 98124K, reserved 1134592K
  class space    used 11243K, capacity 11653K, committed 13132K, reserved 1048576K
}
Event: 8069.228 GC heap after
{Heap after GC invocations=1777 (full 408):
 garbage-first heap   total 335872K, used 144235K [0x0000000700000000, 0x0000000700100a40, 0x00000007c0000000)
  region size 1024K, 1 young (1024K), 1 survivors (1024K)
 Metaspace       used 89037K, capacity 90853K, committed 98124K, reserved 1134592K
  class space    used 11243K, capacity 11653K, committed 13132K, reserved 1048576K
}
Event: 8070.714 GC heap before
{Heap before GC invocations=1777 (full 408):
 garbage-first heap   total 335872K, used 204651K [0x0000000700000000, 0x0000000700100a40, 0x00000007c0000000)
  region size 1024K, 60 young (61440K), 1 survivors (1024K)
 Metaspace       used 89040K, capacity 90853K, committed 98124K, reserved 1134592K
  class space    used 11243K, capacity 11653K, committed 13132K, reserved 1048576K
}
Event: 8070.717 GC heap after
{Heap after GC invocations=1778 (full 408):
 garbage-first heap   total 335872K, used 144406K [0x0000000700000000, 0x0000000700100a40, 0x00000007c0000000)
  region size 1024K, 1 young (1024K), 1 survivors (1024K)
 Metaspace       used 89040K, capacity 90853K, committed 98124K, reserved 1134592K
  class space    used 11243K, capacity 11653K, committed 13132K, reserved 1048576K
}

