# JRE version: Java(TM) SE Runtime Environment (9.0+11) (build 9.0.4+11)
# Java VM: Java HotSpot(TM) 64-Bit Server VM (9.0.4+11, mixed mode, tiered, compressed oops, g1 gc, windows-amd64)
Heap:
 garbage-first heap   total 308224K, used 219332K [0x0000000700000000, 0x0000000700100968, 0x00000007c0000000)
  region size 1024K, 55 young (56320K), 1 survivors (1024K)
 Metaspace       used 92237K, capacity 95161K, committed 101068K, reserved 1136640K
  class space    used 12408K, capacity 13003K, committed 14284K, reserved 1048576K
GC Heap History (10 events):
Event: 6320.608 GC heap before
{Heap before GC invocations=1498 (full 446):
 garbage-first heap   total 308224K, used 225290K [0x0000000700000000, 0x0000000700100968, 0x00000007c0000000)
  region size 1024K, 60 young (61440K), 1 survivors (1024K)
 Metaspace       used 92233K, capacity 95161K, committed 101068K, reserved 1136640K
  class space    used 12408K, capacity 13003K, committed 14284K, reserved 1048576K
}
Event: 6320.611 GC heap after
{Heap after GC invocations=1499 (full 446):
 garbage-first heap   total 308224K, used 164808K [0x0000000700000000, 0x0000000700100968, 0x00000007c0000000)
  region size 1024K, 1 young (1024K), 1 survivors (1024K)
 Metaspace       used 92233K, capacity 95161K, committed 101068K, reserved 1136640K
  class space    used 12408K, capacity 13003K, committed 14284K, reserved 1048576K
}
Event: 6320.954 GC heap before
{Heap before GC invocations=1500 (full 446):
 garbage-first heap   total 308224K, used 225224K [0x0000000700000000, 0x0000000700100968, 0x00000007c0000000)
  region size 1024K, 60 young (61440K), 1 survivors (1024K)
 Metaspace       used 92233K, capacity 95161K, committed 101068K, reserved 1136640K
  class space    used 12408K, capacity 13003K, committed 14284K, reserved 1048576K
}
Event: 6320.960 GC heap after
{Heap after GC invocations=1501 (full 446):
 garbage-first heap   total 308224K, used 164843K [0x0000000700000000, 0x0000000700100968, 0x00000007c0000000)
  region size 1024K, 1 young (1024K), 1 survivors (1024K)
 Metaspace       used 92233K, capacity 95161K, committed 101068K, reserved 1136640K
  class space    used 12408K, capacity 13003K, committed 14284K, reserved 1048576K
}
Event: 6324.052 GC heap before
{Heap before GC invocations=1501 (full 446):
 garbage-first heap   total 308224K, used 225259K [0x0000000700000000, 0x0000000700100968, 0x00000007c0000000)
  region size 1024K, 60 young (61440K), 1 survivors (1024K)
 Metaspace       used 92233K, capacity 95161K, committed 101068K, reserved 1136640K
  class space    used 12408K, capacity 13003K, committed 14284K, reserved 1048576K
}
Event: 6324.056 GC heap after
{Heap after GC invocations=1502 (full 446):
 garbage-first heap   total 308224K, used 164985K [0x0000000700000000, 0x0000000700100968, 0x00000007c0000000)
  region size 1024K, 1 young (1024K), 1 survivors (1024K)
 Metaspace       used 92233K, capacity 95161K, committed 101068K, reserved 1136640K
  class space    used 12408K, capacity 13003K, committed 14284K, reserved 1048576K
}
Event: 6326.617 GC heap before
{Heap before GC invocations=1503 (full 446):
 garbage-first heap   total 308224K, used 225401K [0x0000000700000000, 0x0000000700100968, 0x00000007c0000000)
  region size 1024K, 60 young (61440K), 1 survivors (1024K)
 Metaspace       used 92235K, capacity 95161K, committed 101068K, reserved 1136640K
  class space    used 12408K, capacity 13003K, committed 14284K, reserved 1048576K
}
Event: 6326.620 GC heap after
{Heap after GC invocations=1504 (full 446):
 garbage-first heap   total 308224K, used 165086K [0x0000000700000000, 0x0000000700100968, 0x00000007c0000000)
  region size 1024K, 1 young (1024K), 1 survivors (1024K)
 Metaspace       used 92235K, capacity 95161K, committed 101068K, reserved 1136640K
  class space    used 12408K, capacity 13003K, committed 14284K, reserved 1048576K
}
Event: 6328.176 GC heap before
{Heap before GC invocations=1504 (full 446):
 garbage-first heap   total 308224K, used 225502K [0x0000000700000000, 0x0000000700100968, 0x00000007c0000000)
  region size 1024K, 60 young (61440K), 1 survivors (1024K)
 Metaspace       used 92235K, capacity 95161K, committed 101068K, reserved 1136640K
  class space    used 12408K, capacity 13003K, committed 14284K, reserved 1048576K
}
Event: 6328.185 GC heap after
{Heap after GC invocations=1505 (full 446):
 garbage-first heap   total 308224K, used 165060K [0x0000000700000000, 0x0000000700100968, 0x00000007c0000000)
  region size 1024K, 1 young (1024K), 1 survivors (1024K)
 Metaspace       used 92235K, capacity 95161K, committed 101068K, reserved 1136640K
  class space    used 12408K, capacity 13003K, committed 14284K, reserved 1048576K
}

