# JRE version: Java(TM) SE Runtime Environment (9.0+11) (build 9.0.4+11)
# Java VM: Java HotSpot(TM) 64-Bit Server VM (9.0.4+11, mixed mode, tiered, compressed oops, g1 gc, windows-amd64)
Heap:
 garbage-first heap   total 302080K, used 139757K [0x0000000700000000, 0x0000000700100938, 0x00000007c0000000)
  region size 1024K, 23 young (23552K), 1 survivors (1024K)
 Metaspace       used 90378K, capacity 93711K, committed 96972K, reserved 1132544K
  class space    used 11931K, capacity 12570K, committed 13260K, reserved 1048576K
GC Heap History (10 events):
Event: 7487.918 GC heap before
{Heap before GC invocations=966 (full 19):
 garbage-first heap   total 302080K, used 178852K [0x0000000700000000, 0x0000000700100938, 0x00000007c0000000)
  region size 1024K, 60 young (61440K), 1 survivors (1024K)
 Metaspace       used 90369K, capacity 93705K, committed 96972K, reserved 1132544K
  class space    used 11930K, capacity 12569K, committed 13260K, reserved 1048576K
}
Event: 7487.921 GC heap after
{Heap after GC invocations=967 (full 19):
 garbage-first heap   total 302080K, used 118050K [0x0000000700000000, 0x0000000700100938, 0x00000007c0000000)
  region size 1024K, 1 young (1024K), 1 survivors (1024K)
 Metaspace       used 90369K, capacity 93705K, committed 96972K, reserved 1132544K
  class space    used 11930K, capacity 12569K, committed 13260K, reserved 1048576K
}
Event: 7488.218 GC heap before
{Heap before GC invocations=967 (full 19):
 garbage-first heap   total 302080K, used 178466K [0x0000000700000000, 0x0000000700100938, 0x00000007c0000000)
  region size 1024K, 60 young (61440K), 1 survivors (1024K)
 Metaspace       used 90369K, capacity 93705K, committed 96972K, reserved 1132544K
  class space    used 11930K, capacity 12569K, committed 13260K, reserved 1048576K
}
Event: 7488.220 GC heap after
{Heap after GC invocations=968 (full 19):
 garbage-first heap   total 302080K, used 118045K [0x0000000700000000, 0x0000000700100938, 0x00000007c0000000)
  region size 1024K, 1 young (1024K), 1 survivors (1024K)
 Metaspace       used 90369K, capacity 93705K, committed 96972K, reserved 1132544K
  class space    used 11930K, capacity 12569K, committed 13260K, reserved 1048576K
}
Event: 7490.323 GC heap before
{Heap before GC invocations=968 (full 19):
 garbage-first heap   total 302080K, used 178461K [0x0000000700000000, 0x0000000700100938, 0x00000007c0000000)
  region size 1024K, 60 young (61440K), 1 survivors (1024K)
 Metaspace       used 90371K, capacity 93705K, committed 96972K, reserved 1132544K
  class space    used 11930K, capacity 12569K, committed 13260K, reserved 1048576K
}
Event: 7490.325 GC heap after
{Heap after GC invocations=969 (full 19):
 garbage-first heap   total 302080K, used 118048K [0x0000000700000000, 0x0000000700100938, 0x00000007c0000000)
  region size 1024K, 1 young (1024K), 1 survivors (1024K)
 Metaspace       used 90371K, capacity 93705K, committed 96972K, reserved 1132544K
  class space    used 11930K, capacity 12569K, committed 13260K, reserved 1048576K
}
Event: 7496.659 GC heap before
{Heap before GC invocations=969 (full 19):
 garbage-first heap   total 302080K, used 178464K [0x0000000700000000, 0x0000000700100938, 0x00000007c0000000)
  region size 1024K, 60 young (61440K), 1 survivors (1024K)
 Metaspace       used 90372K, capacity 93705K, committed 96972K, reserved 1132544K
  class space    used 11930K, capacity 12569K, committed 13260K, reserved 1048576K
}
Event: 7496.662 GC heap after
{Heap after GC invocations=970 (full 19):
 garbage-first heap   total 302080K, used 118081K [0x0000000700000000, 0x0000000700100938, 0x00000007c0000000)
  region size 1024K, 1 young (1024K), 1 survivors (1024K)
 Metaspace       used 90372K, capacity 93705K, committed 96972K, reserved 1132544K
  class space    used 11930K, capacity 12569K, committed 13260K, reserved 1048576K
}
Event: 7497.972 GC heap before
{Heap before GC invocations=970 (full 19):
 garbage-first heap   total 302080K, used 178497K [0x0000000700000000, 0x0000000700100938, 0x00000007c0000000)
  region size 1024K, 60 young (61440K), 1 survivors (1024K)
 Metaspace       used 90376K, capacity 93711K, committed 96972K, reserved 1132544K
  class space    used 11931K, capacity 12570K, committed 13260K, reserved 1048576K
}
Event: 7497.975 GC heap after
{Heap after GC invocations=971 (full 19):
 garbage-first heap   total 302080K, used 118253K [0x0000000700000000, 0x0000000700100938, 0x00000007c0000000)
  region size 1024K, 1 young (1024K), 1 survivors (1024K)
 Metaspace       used 90376K, capacity 93711K, committed 96972K, reserved 1132544K
  class space    used 11931K, capacity 12570K, committed 13260K, reserved 1048576K
}

