# JRE version: Java(TM) SE Runtime Environment (9.0+11) (build 9.0.4+11)
# Java VM: Java HotSpot(TM) 64-Bit Server VM (9.0.4+11, mixed mode, tiered, compressed oops, g1 gc, windows-amd64)
Heap:
 garbage-first heap   total 434176K, used 201642K [0x0000000700000000, 0x0000000700100d40, 0x00000007c0000000)
  region size 1024K, 8 young (8192K), 1 survivors (1024K)
 Metaspace       used 88833K, capacity 90693K, committed 97996K, reserved 1134592K
  class space    used 11370K, capacity 11765K, committed 13260K, reserved 1048576K
GC Heap History (10 events):
Event: 16988.650 GC heap before
{Heap before GC invocations=3808 (full 926):
 garbage-first heap   total 434176K, used 256015K [0x0000000700000000, 0x0000000700100d40, 0x00000007c0000000)
  region size 1024K, 60 young (61440K), 1 survivors (1024K)
 Metaspace       used 88832K, capacity 90693K, committed 97996K, reserved 1134592K
  class space    used 11370K, capacity 11765K, committed 13260K, reserved 1048576K
}
Event: 16988.653 GC heap after
{Heap after GC invocations=3809 (full 926):
 garbage-first heap   total 434176K, used 195853K [0x0000000700000000, 0x0000000700100d40, 0x00000007c0000000)
  region size 1024K, 2 young (2048K), 2 survivors (2048K)
 Metaspace       used 88832K, capacity 90693K, committed 97996K, reserved 1134592K
  class space    used 11370K, capacity 11765K, committed 13260K, reserved 1048576K
}
Event: 16989.572 GC heap before
{Heap before GC invocations=3810 (full 926):
 garbage-first heap   total 434176K, used 255245K [0x0000000700000000, 0x0000000700100d40, 0x00000007c0000000)
  region size 1024K, 60 young (61440K), 2 survivors (2048K)
 Metaspace       used 88832K, capacity 90693K, committed 97996K, reserved 1134592K
  class space    used 11370K, capacity 11765K, committed 13260K, reserved 1048576K
}
Event: 16989.576 GC heap after
{Heap after GC invocations=3811 (full 926):
 garbage-first heap   total 434176K, used 196051K [0x0000000700000000, 0x0000000700100d40, 0x00000007c0000000)
  region size 1024K, 2 young (2048K), 2 survivors (2048K)
 Metaspace       used 88832K, capacity 90693K, committed 97996K, reserved 1134592K
  class space    used 11370K, capacity 11765K, committed 13260K, reserved 1048576K
}
Event: 16991.643 GC heap before
{Heap before GC invocations=3811 (full 926):
 garbage-first heap   total 434176K, used 255443K [0x0000000700000000, 0x0000000700100d40, 0x00000007c0000000)
  region size 1024K, 60 young (61440K), 2 survivors (2048K)
 Metaspace       used 88832K, capacity 90693K, committed 97996K, reserved 1134592K
  class space    used 11370K, capacity 11765K, committed 13260K, reserved 1048576K
}
Event: 16991.648 GC heap after
{Heap after GC invocations=3812 (full 926):
 garbage-first heap   total 434176K, used 195501K [0x0000000700000000, 0x0000000700100d40, 0x00000007c0000000)
  region size 1024K, 1 young (1024K), 1 survivors (1024K)
 Metaspace       used 88832K, capacity 90693K, committed 97996K, reserved 1134592K
  class space    used 11370K, capacity 11765K, committed 13260K, reserved 1048576K
}
Event: 16993.207 GC heap before
{Heap before GC invocations=3813 (full 926):
 garbage-first heap   total 434176K, used 255917K [0x0000000700000000, 0x0000000700100d40, 0x00000007c0000000)
  region size 1024K, 60 young (61440K), 1 survivors (1024K)
 Metaspace       used 88832K, capacity 90693K, committed 97996K, reserved 1134592K
  class space    used 11370K, capacity 11765K, committed 13260K, reserved 1048576K
}
Event: 16993.209 GC heap after
{Heap after GC invocations=3814 (full 926):
 garbage-first heap   total 434176K, used 195336K [0x0000000700000000, 0x0000000700100d40, 0x00000007c0000000)
  region size 1024K, 1 young (1024K), 1 survivors (1024K)
 Metaspace       used 88832K, capacity 90693K, committed 97996K, reserved 1134592K
  class space    used 11370K, capacity 11765K, committed 13260K, reserved 1048576K
}
Event: 16994.555 GC heap before
{Heap before GC invocations=3814 (full 926):
 garbage-first heap   total 434176K, used 255752K [0x0000000700000000, 0x0000000700100d40, 0x00000007c0000000)
  region size 1024K, 60 young (61440K), 1 survivors (1024K)
 Metaspace       used 88833K, capacity 90693K, committed 97996K, reserved 1134592K
  class space    used 11370K, capacity 11765K, committed 13260K, reserved 1048576K
}
Event: 16994.558 GC heap after
{Heap after GC invocations=3815 (full 926):
 garbage-first heap   total 434176K, used 195498K [0x0000000700000000, 0x0000000700100d40, 0x00000007c0000000)
  region size 1024K, 1 young (1024K), 1 survivors (1024K)
 Metaspace       used 88833K, capacity 90693K, committed 97996K, reserved 1134592K
  class space    used 11370K, capacity 11765K, committed 13260K, reserved 1048576K
}

