# JRE version: Java(TM) SE Runtime Environment (9.0+11) (build 9.0.4+11)
# Java VM: Java HotSpot(TM) 64-Bit Server VM (9.0.4+11, mixed mode, tiered, compressed oops, g1 gc, windows-amd64)
Heap:
 garbage-first heap   total 249856K, used 121256K [0x0000000700000000, 0x00000007001007a0, 0x00000007c0000000)
  region size 1024K, 41 young (41984K), 3 survivors (3072K)
 Metaspace       used 79917K, capacity 85219K, committed 85456K, reserved 1122304K
  class space    used 10986K, capacity 11916K, committed 12028K, reserved 1048576K
GC Heap History (10 events):
Event: 49.555 GC heap before
{Heap before GC invocations=56 (full 3):
 garbage-first heap   total 249856K, used 91426K [0x0000000700000000, 0x00000007001007a0, 0x00000007c0000000)
  region size 1024K, 11 young (11264K), 0 survivors (0K)
 Metaspace       used 77725K, capacity 82483K, committed 82768K, reserved 1120256K
  class space    used 10734K, capacity 11564K, committed 11644K, reserved 1048576K
}
Event: 49.707 GC heap after
{Heap after GC invocations=57 (full 4):
 garbage-first heap   total 249856K, used 81047K [0x0000000700000000, 0x00000007001007a0, 0x00000007c0000000)
  region size 1024K, 0 young (0K), 0 survivors (0K)
 Metaspace       used 77725K, capacity 82483K, committed 82768K, reserved 1120256K
  class space    used 10734K, capacity 11564K, committed 11644K, reserved 1048576K
}
Event: 51.583 GC heap before
{Heap before GC invocations=57 (full 4):
 garbage-first heap   total 249856K, used 98455K [0x0000000700000000, 0x00000007001007a0, 0x00000007c0000000)
  region size 1024K, 18 young (18432K), 0 survivors (0K)
 Metaspace       used 77786K, capacity 82483K, committed 82768K, reserved 1120256K
  class space    used 10734K, capacity 11564K, committed 11644K, reserved 1048576K
}
Event: 51.731 GC heap after
{Heap after GC invocations=58 (full 5):
 garbage-first heap   total 249856K, used 81285K [0x0000000700000000, 0x00000007001007a0, 0x00000007c0000000)
  region size 1024K, 0 young (0K), 0 survivors (0K)
 Metaspace       used 77786K, capacity 82483K, committed 82768K, reserved 1120256K
  class space    used 10734K, capacity 11564K, committed 11644K, reserved 1048576K
}
Event: 53.611 GC heap before
{Heap before GC invocations=58 (full 5):
 garbage-first heap   total 249856K, used 142725K [0x0000000700000000, 0x00000007001007a0, 0x00000007c0000000)
  region size 1024K, 60 young (61440K), 0 survivors (0K)
 Metaspace       used 78297K, capacity 83529K, committed 83792K, reserved 1122304K
  class space    used 10841K, capacity 11781K, committed 11900K, reserved 1048576K
}
Event: 53.614 GC heap after
{Heap after GC invocations=59 (full 5):
 garbage-first heap   total 249856K, used 82144K [0x0000000700000000, 0x00000007001007a0, 0x00000007c0000000)
  region size 1024K, 1 young (1024K), 1 survivors (1024K)
 Metaspace       used 78297K, capacity 83529K, committed 83792K, reserved 1122304K
  class space    used 10841K, capacity 11781K, committed 11900K, reserved 1048576K
}
Event: 60.510 GC heap before
{Heap before GC invocations=59 (full 5):
 garbage-first heap   total 249856K, used 142560K [0x0000000700000000, 0x00000007001007a0, 0x00000007c0000000)
  region size 1024K, 61 young (62464K), 1 survivors (1024K)
 Metaspace       used 78576K, capacity 83865K, committed 84048K, reserved 1122304K
  class space    used 10847K, capacity 11785K, committed 11900K, reserved 1048576K
}
Event: 60.513 GC heap after
{Heap after GC invocations=60 (full 5):
 garbage-first heap   total 249856K, used 82680K [0x0000000700000000, 0x00000007001007a0, 0x00000007c0000000)
  region size 1024K, 2 young (2048K), 2 survivors (2048K)
 Metaspace       used 78576K, capacity 83865K, committed 84048K, reserved 1122304K
  class space    used 10847K, capacity 11785K, committed 11900K, reserved 1048576K
}
Event: 62.498 GC heap before
{Heap before GC invocations=60 (full 5):
 garbage-first heap   total 249856K, used 142072K [0x0000000700000000, 0x00000007001007a0, 0x00000007c0000000)
  region size 1024K, 60 young (61440K), 2 survivors (2048K)
 Metaspace       used 79856K, capacity 85155K, committed 85456K, reserved 1122304K
  class space    used 10978K, capacity 11916K, committed 12028K, reserved 1048576K
}
Event: 62.500 GC heap after
{Heap after GC invocations=61 (full 5):
 garbage-first heap   total 249856K, used 83368K [0x0000000700000000, 0x00000007001007a0, 0x00000007c0000000)
  region size 1024K, 3 young (3072K), 3 survivors (3072K)
 Metaspace       used 79856K, capacity 85155K, committed 85456K, reserved 1122304K
  class space    used 10978K, capacity 11916K, committed 12028K, reserved 1048576K
}

